[2018-03-10 15:49:46]
{"object_kind":"push","event_name":"push","before":"16bc85fbf5928d068215f8967ef421667c0c2a91","after":"f19c6f8c380420a93bb20191903b6286e33e48e6","ref":"refs/heads/master","checkout_sha":"f19c6f8c380420a93bb20191903b6286e33e48e6","message":null,"user_id":5,"user_name":"Jenkins","user_username":"jenkins","user_email":"jenkins@bstd.ru","user_avatar":"https://secure.gravatar.com/avatar/596f3b76c77ddd0bce81310e01ec9382?s=80\u0026d=identicon","project_id":327,"project":{"name":"deploy-webhook-receiver","description":"","web_url":"https://gitlab.bstd.ru/core/ci/deploy-webhook-receiver","avatar_url":null,"git_ssh_url":"git@gitlab.bstd.ru:core/ci/deploy-webhook-receiver.git","git_http_url":"https://gitlab.bstd.ru/core/ci/deploy-webhook-receiver.git","namespace":"Continuous Integration","visibility_level":10,"path_with_namespace":"core/ci/deploy-webhook-receiver","default_branch":"master","ci_config_path":null,"homepage":"https://gitlab.bstd.ru/core/ci/deploy-webhook-receiver","url":"git@gitlab.bstd.ru:core/ci/deploy-webhook-receiver.git","ssh_url":"git@gitlab.bstd.ru:core/ci/deploy-webhook-receiver.git","http_url":"https://gitlab.bstd.ru/core/ci/deploy-webhook-receiver.git"},"commits":[{"id":"f19c6f8c380420a93bb20191903b6286e33e48e6","message":"update\n","timestamp":"2018-03-10T15:49:42+03:00","url":"https://gitlab.bstd.ru/core/ci/deploy-webhook-receiver/commit/f19c6f8c380420a93bb20191903b6286e33e48e6","author":{"name":"User Dev","email":"dev@dev.bstd.ru"},"added":[".env.example"],"modified":[".gitignore","composer.json"],"removed":[]}],"total_commits_count":1,"repository":{"name":"deploy-webhook-receiver","url":"git@gitlab.bstd.ru:core/ci/deploy-webhook-receiver.git","description":"","homepage":"https://gitlab.bstd.ru/core/ci/deploy-webhook-receiver","git_http_url":"https://gitlab.bstd.ru/core/ci/deploy-webhook-receiver.git","git_ssh_url":"git@gitlab.bstd.ru:core/ci/deploy-webhook-receiver.git","visibility_level":10}}[2018-03-10 15:49:46]
{"object_kind":"push","event_name":"push","before":"16bc85fbf5928d068215f8967ef421667c0c2a91","after":"f19c6f8c380420a93bb20191903b6286e33e48e6","ref":"refs/heads/master","checkout_sha":"f19c6f8c380420a93bb20191903b6286e33e48e6","message":null,"user_id":5,"user_name":"Jenkins","user_username":"jenkins","user_email":"jenkins@bstd.ru","user_avatar":"https://secure.gravatar.com/avatar/596f3b76c77ddd0bce81310e01ec9382?s=80\u0026d=identicon","project_id":327,"project":{"name":"deploy-webhook-receiver","description":"","web_url":"https://gitlab.bstd.ru/core/ci/deploy-webhook-receiver","avatar_url":null,"git_ssh_url":"git@gitlab.bstd.ru:core/ci/deploy-webhook-receiver.git","git_http_url":"https://gitlab.bstd.ru/core/ci/deploy-webhook-receiver.git","namespace":"Continuous Integration","visibility_level":10,"path_with_namespace":"core/ci/deploy-webhook-receiver","default_branch":"master","ci_config_path":null,"homepage":"https://gitlab.bstd.ru/core/ci/deploy-webhook-receiver","url":"git@gitlab.bstd.ru:core/ci/deploy-webhook-receiver.git","ssh_url":"git@gitlab.bstd.ru:core/ci/deploy-webhook-receiver.git","http_url":"https://gitlab.bstd.ru/core/ci/deploy-webhook-receiver.git"},"commits":[{"id":"f19c6f8c380420a93bb20191903b6286e33e48e6","message":"update\n","timestamp":"2018-03-10T15:49:42+03:00","url":"https://gitlab.bstd.ru/core/ci/deploy-webhook-receiver/commit/f19c6f8c380420a93bb20191903b6286e33e48e6","author":{"name":"User Dev","email":"dev@dev.bstd.ru"},"added":[".env.example"],"modified":[".gitignore","composer.json"],"removed":[]}],"total_commits_count":1,"repository":{"name":"deploy-webhook-receiver","url":"git@gitlab.bstd.ru:core/ci/deploy-webhook-receiver.git","description":"","homepage":"https://gitlab.bstd.ru/core/ci/deploy-webhook-receiver","git_http_url":"https://gitlab.bstd.ru/core/ci/deploy-webhook-receiver.git","git_ssh_url":"git@gitlab.bstd.ru:core/ci/deploy-webhook-receiver.git","visibility_level":10}}<br />
<font size='1'><table class='xdebug-error xe-warning' dir='ltr' border='1' cellspacing='0' cellpadding='1'>
<tr><th align='left' bgcolor='#f57900' colspan="5"><span style='background-color: #cc0000; color: #fce94f; font-size: x-large;'>( ! )</span> Warning: filemtime(): stat failed for request.log in /work/hook/public/index.php on line <i>98</i></th></tr>
<tr><th align='left' bgcolor='#e9b96e' colspan='5'>Call Stack</th></tr>
<tr><th align='center' bgcolor='#eeeeec'>#</th><th align='left' bgcolor='#eeeeec'>Time</th><th align='left' bgcolor='#eeeeec'>Memory</th><th align='left' bgcolor='#eeeeec'>Function</th><th align='left' bgcolor='#eeeeec'>Location</th></tr>
<tr><td bgcolor='#eeeeec' align='center'>1</td><td bgcolor='#eeeeec' align='center'>0.0002</td><td bgcolor='#eeeeec' align='right'>266808</td><td bgcolor='#eeeeec'>{main}(  )</td><td title='/work/hook/public/index.php' bgcolor='#eeeeec'>.../index.php<b>:</b>0</td></tr>
<tr><td bgcolor='#eeeeec' align='center'>2</td><td bgcolor='#eeeeec' align='center'>0.0026</td><td bgcolor='#eeeeec' align='right'>670544</td><td bgcolor='#eeeeec'><a href='http://www.php.net/function.filemtime' target='_new'>filemtime</a>
(  )</td><td title='/work/hook/public/index.php' bgcolor='#eeeeec'>.../index.php<b>:</b>98</td></tr>
</table></font>
string(4) "cmd:"
string(169) "find -H /work/www/dev -name .git -type d -not -path "*/#DEPRECATED/*" -mindepth 1 -maxdepth 4 -execdir /work/hook/try_install.sh x deploy-webhook-receiver master \; 2>&1"
string(256) "{"channel":"#deploy-dev","username":"deploy-bot","text":":rotating_light: [2018-03-10 15:49:46] Jenkins \u043f\u0440\u043e\u0438\u0437\u0432\u0435\u043b \u043f\u0443\u0448 \u0432 deploy-webhook-receiver master","icon_emoji":":monkey_face:","as_user":false}"
fired
string(104) "{"channel":"#deploy-dev","username":"deploy-bot","text":"","icon_emoji":":monkey_face:","as_user":false}"
[2018-03-10 15:57:15]
{"event_name":"project_rename","created_at":"2018-03-10T12:43:51Z","updated_at":"2018-03-10T12:57:04Z","name":"autodeploy-webhook-receiver","path":"autodeploy-webhook-receiver","path_with_namespace":"core/ci/autodeploy-webhook-receiver","project_id":327,"owner_name":"Continuous Integration","owner_email":"","project_visibility":"visibilitylevel|internal","old_path_with_namespace":"core/ci/deploy-webhook-receiver"}[2018-03-10 15:57:15]
{"event_name":"project_rename","created_at":"2018-03-10T12:43:51Z","updated_at":"2018-03-10T12:57:04Z","name":"autodeploy-webhook-receiver","path":"autodeploy-webhook-receiver","path_with_namespace":"core/ci/autodeploy-webhook-receiver","project_id":327,"owner_name":"Continuous Integration","owner_email":"","project_visibility":"visibilitylevel|internal","old_path_with_namespace":"core/ci/deploy-webhook-receiver"}<br />
<font size='1'><table class='xdebug-error xe-notice' dir='ltr' border='1' cellspacing='0' cellpadding='1'>
<tr><th align='left' bgcolor='#f57900' colspan="5"><span style='background-color: #cc0000; color: #fce94f; font-size: x-large;'>( ! )</span> Notice: Undefined index: project in /work/hook/public/index.php on line <i>104</i></th></tr>
<tr><th align='left' bgcolor='#e9b96e' colspan='5'>Call Stack</th></tr>
<tr><th align='center' bgcolor='#eeeeec'>#</th><th align='left' bgcolor='#eeeeec'>Time</th><th align='left' bgcolor='#eeeeec'>Memory</th><th align='left' bgcolor='#eeeeec'>Function</th><th align='left' bgcolor='#eeeeec'>Location</th></tr>
<tr><td bgcolor='#eeeeec' align='center'>1</td><td bgcolor='#eeeeec' align='center'>0.0009</td><td bgcolor='#eeeeec' align='right'>265288</td><td bgcolor='#eeeeec'>{main}(  )</td><td title='/work/hook/public/index.php' bgcolor='#eeeeec'>.../index.php<b>:</b>0</td></tr>
</table></font>
<br />
<font size='1'><table class='xdebug-error xe-notice' dir='ltr' border='1' cellspacing='0' cellpadding='1'>
<tr><th align='left' bgcolor='#f57900' colspan="5"><span style='background-color: #cc0000; color: #fce94f; font-size: x-large;'>( ! )</span> Notice: Undefined index: ref in /work/hook/public/index.php on line <i>111</i></th></tr>
<tr><th align='left' bgcolor='#e9b96e' colspan='5'>Call Stack</th></tr>
<tr><th align='center' bgcolor='#eeeeec'>#</th><th align='left' bgcolor='#eeeeec'>Time</th><th align='left' bgcolor='#eeeeec'>Memory</th><th align='left' bgcolor='#eeeeec'>Function</th><th align='left' bgcolor='#eeeeec'>Location</th></tr>
<tr><td bgcolor='#eeeeec' align='center'>1</td><td bgcolor='#eeeeec' align='center'>0.0009</td><td bgcolor='#eeeeec' align='right'>265288</td><td bgcolor='#eeeeec'>{main}(  )</td><td title='/work/hook/public/index.php' bgcolor='#eeeeec'>.../index.php<b>:</b>0</td></tr>
</table></font>
<br />
<font size='1'><table class='xdebug-error xe-notice' dir='ltr' border='1' cellspacing='0' cellpadding='1'>
<tr><th align='left' bgcolor='#f57900' colspan="5"><span style='background-color: #cc0000; color: #fce94f; font-size: x-large;'>( ! )</span> Notice: Undefined index: project in /work/hook/public/index.php on line <i>136</i></th></tr>
<tr><th align='left' bgcolor='#e9b96e' colspan='5'>Call Stack</th></tr>
<tr><th align='center' bgcolor='#eeeeec'>#</th><th align='left' bgcolor='#eeeeec'>Time</th><th align='left' bgcolor='#eeeeec'>Memory</th><th align='left' bgcolor='#eeeeec'>Function</th><th align='left' bgcolor='#eeeeec'>Location</th></tr>
<tr><td bgcolor='#eeeeec' align='center'>1</td><td bgcolor='#eeeeec' align='center'>0.0009</td><td bgcolor='#eeeeec' align='right'>265288</td><td bgcolor='#eeeeec'>{main}(  )</td><td title='/work/hook/public/index.php' bgcolor='#eeeeec'>.../index.php<b>:</b>0</td></tr>
</table></font>
string(275) "{"channel":"#deploy-dev","username":"deploy-bot","text":"\u041d\u0435 \u0443\u043a\u0430\u0437\u0430\u043d \u0440\u0435\u043f\u043e\u0437\u0438\u0442\u043e\u0440\u0438\u0439, \u0441\u0442\u0440\u0430\u043d\u043d\u043e. ssh_url: ","icon_emoji":":monkey_face:","as_user":false}"
